TN:
SF:src\App.vue
FN:12,(anonymous_0)
FNF:1
FNH:1
FNDA:1,(anonymous_0)
DA:9,1
DA:12,1
LF:2
LH:2
BRF:0
BRH:0
end_of_record
TN:
SF:src\api\baseInfo.ts
FN:4,(anonymous_0)
FNF:1
FNH:1
FNDA:4,(anonymous_0)
DA:4,3
DA:5,4
DA:6,4
LF:3
LH:3
BRF:0
BRH:0
end_of_record
TN:
SF:src\api\client.ts
FNF:0
FNH:0
DA:3,4
LF:1
LH:1
BRF:0
BRH:0
end_of_record
TN:
SF:src\api\todoOverview.ts
FN:9,(anonymous_0)
FNF:1
FNH:1
FNDA:6,(anonymous_0)
DA:9,3
DA:10,6
DA:11,6
LF:3
LH:3
BRF:0
BRH:0
end_of_record
TN:
SF:src\components\MainContentShell.vue
FNF:0
FNH:0
DA:2,2
LF:1
LH:1
BRF:0
BRH:0
end_of_record
TN:
SF:src\components\SiteHeader.vue
FN:30,(anonymous_0)
FN:83,(anonymous_1)
FN:88,(anonymous_2)
FN:91,(anonymous_3)
FNF:4
FNH:4
FNDA:1,(anonymous_0)
FNDA:12,(anonymous_1)
FNDA:1,(anonymous_2)
FNDA:8,(anonymous_3)
DA:14,4
DA:15,4
DA:16,4
DA:21,4
DA:23,4
DA:24,4
DA:25,4
DA:30,4
DA:31,1
DA:37,2
DA:38,2
DA:39,2
DA:45,2
DA:50,2
DA:73,2
DA:83,12
DA:88,1
DA:93,8
DA:96,2
DA:97,2
DA:98,2
DA:101,2
DA:102,15
LF:23
LH:23
BRDA:113,0,0,5
BRDA:113,0,1,4
BRDA:69,1,0,10
BRDA:69,1,1,20
BRDA:69,2,0,30
BRDA:69,2,1,25
BRDA:88,3,0,5
BRDA:88,3,1,4
BRDA:93,4,0,8
BRDA:93,4,1,4
BRF:10
BRH:10
end_of_record
TN:
SF:src\components\base-info\BaseInfoManagerCard.vue
FN:15,(anonymous_0)
FN:31,(anonymous_1)
FN:35,(anonymous_2)
FNF:3
FNH:3
FNDA:6,(anonymous_0)
FNDA:4,(anonymous_1)
FNDA:4,(anonymous_2)
DA:6,4
DA:15,6
DA:21,2
DA:24,2
DA:25,2
DA:27,2
DA:28,2
DA:29,2
DA:30,2
DA:31,4
DA:34,2
DA:35,4
LF:12
LH:12
BRF:0
BRH:0
end_of_record
TN:
SF:src\components\base-info\BaseInfoMetricCard.vue
FN:7,(anonymous_0)
FNF:1
FNH:1
FNDA:10,(anonymous_0)
DA:5,8
DA:7,10
DA:17,2
DA:18,2
DA:19,2
LF:5
LH:5
BRDA:15,0,0,5
BRDA:15,0,1,5
BRDA:20,1,0,5
BRDA:20,1,1,5
BRDA:21,2,0,5
BRDA:21,2,1,5
BRF:6
BRH:6
end_of_record
TN:
SF:src\components\base-info\BaseInfoSection.vue
FN:9,(anonymous_0)
FN:15,(anonymous_1)
FNF:2
FNH:2
FNDA:4,(anonymous_0)
FNDA:5,(anonymous_1)
DA:7,4
DA:9,4
DA:10,4
DA:11,4
DA:15,5
DA:20,2
DA:21,2
DA:22,2
DA:25,2
DA:27,2
DA:30,2
LF:11
LH:11
BRDA:10,0,0,4
BRDA:10,0,1,0
BRDA:31,1,0,6
BRDA:31,1,1,4
BRDA:40,2,0,1
BRDA:40,2,1,5
BRF:6
BRH:5
end_of_record
TN:
SF:src\components\base-info\baseInfoData.ts
FNF:0
FNH:0
DA:3,8
LF:1
LH:1
BRF:0
BRH:0
end_of_record
TN:
SF:src\components\todo-overview\DueSoonItem.vue
FN:7,(anonymous_0)
FNF:1
FNH:1
FNDA:81,(anonymous_0)
DA:5,81
DA:7,81
DA:8,81
DA:13,81
DA:14,3
LF:5
LH:5
BRDA:8,0,0,41
BRDA:8,0,1,40
BRDA:18,1,0,28
BRDA:18,1,1,53
BRF:4
BRH:4
end_of_record
TN:
SF:src\components\todo-overview\DueSoonPanel.vue
FN:14,(anonymous_0)
FN:15,(anonymous_1)
FN:15,(anonymous_2)
FN:16,(anonymous_3)
FN:23,(anonymous_4)
FN:24,(anonymous_5)
FN:26,(anonymous_6)
FN:32,(anonymous_7)
FN:37,(anonymous_8)
FN:38,(anonymous_9)
FN:46,(anonymous_10)
FN:50,(anonymous_11)
FN:54,(anonymous_12)
FN:104,(anonymous_13)
FN:105,(anonymous_14)
FN:105,(anonymous_15)
FNF:16
FNH:16
FNDA:15,(anonymous_0)
FNDA:15,(anonymous_1)
FNDA:15,(anonymous_2)
FNDA:15,(anonymous_3)
FNDA:15,(anonymous_4)
FNDA:16,(anonymous_5)
FNDA:14,(anonymous_6)
FNDA:8,(anonymous_7)
FNDA:15,(anonymous_8)
FNDA:1,(anonymous_9)
FNDA:3,(anonymous_10)
FNDA:1,(anonymous_11)
FNDA:1,(anonymous_12)
FNDA:1,(anonymous_13)
FNDA:1,(anonymous_14)
FNDA:1,(anonymous_15)
DA:12,14
DA:14,15
DA:15,15
DA:16,15
DA:18,14
DA:19,14
DA:21,14
DA:23,15
DA:24,16
DA:26,14
DA:27,14
DA:28,14
DA:29,14
DA:32,14
DA:33,8
DA:36,14
DA:37,15
DA:39,1
DA:40,1
DA:41,1
DA:46,14
DA:47,3
DA:50,14
DA:51,1
DA:54,14
DA:55,1
DA:61,3
DA:62,3
DA:63,3
DA:64,3
DA:87,3
DA:88,84
DA:95,28
DA:104,1
DA:105,1
DA:106,1
DA:108,3
LF:37
LH:37
BRDA:14,0,0,15
BRDA:14,0,1,0
BRDA:16,1,0,15
BRDA:16,1,1,0
BRDA:24,2,0,16
BRDA:24,2,1,15
BRDA:28,3,0,14
BRDA:28,3,1,0
BRDA:33,4,0,8
BRDA:33,4,1,0
BRDA:67,5,0,12
BRDA:67,5,1,4
BRDA:89,6,0,0
BRDA:89,6,1,28
BRF:14
BRH:9
end_of_record
TN:
SF:src\components\todo-overview\TodoCard.vue
FNF:0
FNH:0
DA:4,60
DA:10,2
DA:13,2
DA:14,2
DA:17,2
LF:5
LH:5
BRF:0
BRH:0
end_of_record
TN:
SF:src\components\todo-overview\TodoCardGrid.vue
FNF:0
FNH:0
DA:5,6
DA:9,2
DA:10,60
LF:3
LH:3
BRF:0
BRH:0
end_of_record
TN:
SF:src\components\todo-overview\TodoOverview.vue
FN:9,(anonymous_0)
FN:15,(anonymous_1)
FN:16,(anonymous_2)
FNF:3
FNH:3
FNDA:6,(anonymous_0)
FNDA:6,(anonymous_1)
FNDA:6,(anonymous_2)
DA:7,6
DA:9,6
DA:10,6
DA:11,6
DA:15,6
DA:16,6
DA:21,2
DA:26,2
DA:30,2
LF:9
LH:9
BRDA:10,0,0,6
BRDA:10,0,1,0
BRDA:33,1,0,1
BRDA:33,1,1,6
BRF:4
BRH:3
end_of_record
TN:
SF:src\components\todo-overview\todoOverviewData.ts
FNF:0
FNH:0
DA:14,8
DA:27,8
LF:2
LH:2
BRF:0
BRH:0
end_of_record
TN:
SF:src\components\todo-overview\useTodoCarousel.ts
FN:9,useTodoCarousel
FN:10,(anonymous_1)
FNF:2
FNH:2
FNDA:18,useTodoCarousel
FNDA:19,(anonymous_1)
DA:10,18
DA:11,19
DA:12,19
DA:13,19
DA:14,19
DA:16,19
DA:17,32
DA:20,19
LF:8
LH:8
BRDA:12,0,0,18
BRDA:12,0,1,1
BRDA:13,1,0,19
BRDA:13,1,1,0
BRDA:20,2,0,17
BRDA:20,2,1,2
BRF:6
BRH:5
end_of_record
TN:
SF:src\stores\baseInfoStore.ts
FN:7,(anonymous_0)
FN:13,(anonymous_1)
FNF:2
FNH:2
FNDA:7,(anonymous_0)
FNDA:7,(anonymous_1)
DA:7,3
DA:8,7
DA:9,7
DA:10,7
DA:11,7
DA:13,7
DA:14,7
DA:15,6
DA:16,6
DA:17,6
DA:18,6
DA:19,5
DA:20,5
DA:23,1
DA:24,1
DA:26,6
DA:30,7
LF:17
LH:17
BRDA:14,0,0,1
BRDA:14,0,1,6
BRF:2
BRH:2
end_of_record
TN:
SF:src\stores\todoOverviewStore.ts
FN:7,(anonymous_0)
FN:14,(anonymous_1)
FNF:2
FNH:2
FNDA:9,(anonymous_0)
FNDA:9,(anonymous_1)
DA:7,3
DA:8,9
DA:9,9
DA:10,9
DA:11,9
DA:12,9
DA:14,9
DA:15,9
DA:16,8
DA:17,8
DA:18,8
DA:19,8
DA:20,7
DA:21,7
DA:22,7
DA:25,1
DA:26,1
DA:28,8
DA:32,9
LF:19
LH:19
BRDA:15,0,0,1
BRDA:15,0,1,8
BRF:2
BRH:2
end_of_record
TN:
SF:src\theme\colors.ts
FNF:0
FNH:0
DA:1,1
LF:1
LH:1
BRF:0
BRH:0
end_of_record
