TN:
SF:src\App.vue
FN:12,(anonymous_0)
FNF:1
FNH:1
FNDA:1,(anonymous_0)
DA:9,1
DA:12,1
LF:2
LH:2
BRF:0
BRH:0
end_of_record
TN:
SF:src\components\MainContentShell.vue
FNF:0
FNH:0
DA:2,2
LF:1
LH:1
BRF:0
BRH:0
end_of_record
TN:
SF:src\components\SiteHeader.vue
FN:30,(anonymous_0)
FN:83,(anonymous_1)
FN:88,(anonymous_2)
FN:91,(anonymous_3)
FNF:4
FNH:4
FNDA:1,(anonymous_0)
FNDA:12,(anonymous_1)
FNDA:1,(anonymous_2)
FNDA:8,(anonymous_3)
DA:14,4
DA:15,4
DA:16,4
DA:21,4
DA:23,4
DA:24,4
DA:25,4
DA:30,4
DA:31,1
DA:37,2
DA:38,2
DA:39,2
DA:45,2
DA:50,2
DA:73,2
DA:83,12
DA:88,1
DA:93,8
DA:96,2
DA:97,2
DA:98,2
DA:101,2
DA:102,15
LF:23
LH:23
BRDA:113,0,0,5
BRDA:113,0,1,4
BRDA:69,1,0,10
BRDA:69,1,1,20
BRDA:69,2,0,30
BRDA:69,2,1,25
BRDA:88,3,0,5
BRDA:88,3,1,4
BRDA:93,4,0,8
BRDA:93,4,1,4
BRF:10
BRH:10
end_of_record
TN:
SF:src\components\base-info\BaseInfoManagerCard.vue
FN:15,(anonymous_0)
FN:31,(anonymous_1)
FN:35,(anonymous_2)
FNF:3
FNH:3
FNDA:4,(anonymous_0)
FNDA:3,(anonymous_1)
FNDA:3,(anonymous_2)
DA:6,3
DA:15,4
DA:21,2
DA:24,2
DA:25,2
DA:27,2
DA:28,2
DA:29,2
DA:30,2
DA:31,3
DA:34,2
DA:35,3
LF:12
LH:12
BRF:0
BRH:0
end_of_record
TN:
SF:src\components\base-info\BaseInfoMetricCard.vue
FN:7,(anonymous_0)
FNF:1
FNH:1
FNDA:6,(anonymous_0)
DA:5,6
DA:7,6
DA:17,2
DA:18,2
DA:19,2
LF:5
LH:5
BRDA:15,0,0,3
BRDA:15,0,1,3
BRDA:20,1,0,3
BRDA:20,1,1,3
BRDA:21,2,0,3
BRDA:21,2,1,3
BRF:6
BRH:6
end_of_record
TN:
SF:src\components\base-info\BaseInfoSection.vue
FNF:0
FNH:0
DA:6,3
DA:11,2
DA:12,2
DA:13,2
DA:16,2
DA:18,2
DA:21,2
LF:7
LH:7
BRDA:22,0,0,3
BRDA:22,0,1,3
BRF:2
BRH:2
end_of_record
TN:
SF:src\components\base-info\baseInfoData.ts
FNF:0
FNH:0
DA:4,2
DA:35,2
LF:2
LH:2
BRF:0
BRH:0
end_of_record
TN:
SF:src\components\base-info\types.ts
FNF:0
FNH:0
LF:0
LH:0
BRF:0
BRH:0
end_of_record
TN:
SF:src\components\todo-overview\DueSoonItem.vue
FN:7,(anonymous_0)
FNF:1
FNH:1
FNDA:75,(anonymous_0)
DA:5,75
DA:7,75
DA:8,75
DA:13,75
DA:14,3
LF:5
LH:5
BRDA:8,0,0,38
BRDA:8,0,1,37
BRDA:18,1,0,26
BRDA:18,1,1,49
BRF:4
BRH:4
end_of_record
TN:
SF:src\components\todo-overview\DueSoonPanel.vue
FN:14,(anonymous_0)
FN:15,(anonymous_1)
FN:15,(anonymous_2)
FN:16,(anonymous_3)
FN:23,(anonymous_4)
FN:24,(anonymous_5)
FN:26,(anonymous_6)
FN:32,(anonymous_7)
FN:37,(anonymous_8)
FN:38,(anonymous_9)
FN:46,(anonymous_10)
FN:50,(anonymous_11)
FN:54,(anonymous_12)
FN:104,(anonymous_13)
FN:105,(anonymous_14)
FN:105,(anonymous_15)
FNF:16
FNH:16
FNDA:14,(anonymous_0)
FNDA:14,(anonymous_1)
FNDA:14,(anonymous_2)
FNDA:14,(anonymous_3)
FNDA:14,(anonymous_4)
FNDA:14,(anonymous_5)
FNDA:13,(anonymous_6)
FNDA:8,(anonymous_7)
FNDA:14,(anonymous_8)
FNDA:1,(anonymous_9)
FNDA:3,(anonymous_10)
FNDA:1,(anonymous_11)
FNDA:1,(anonymous_12)
FNDA:1,(anonymous_13)
FNDA:1,(anonymous_14)
FNDA:1,(anonymous_15)
DA:12,13
DA:14,14
DA:15,14
DA:16,14
DA:18,13
DA:19,13
DA:21,13
DA:23,14
DA:24,14
DA:26,13
DA:27,13
DA:28,13
DA:29,13
DA:32,13
DA:33,8
DA:36,13
DA:37,14
DA:39,1
DA:40,1
DA:41,1
DA:46,13
DA:47,3
DA:50,13
DA:51,1
DA:54,13
DA:55,1
DA:61,3
DA:62,3
DA:63,3
DA:64,3
DA:87,3
DA:88,78
DA:95,24
DA:104,1
DA:105,1
DA:106,1
DA:108,3
LF:37
LH:37
BRDA:14,0,0,14
BRDA:14,0,1,0
BRDA:16,1,0,14
BRDA:16,1,1,0
BRDA:24,2,0,14
BRDA:24,2,1,13
BRDA:28,3,0,13
BRDA:28,3,1,0
BRDA:33,4,0,8
BRDA:33,4,1,0
BRDA:67,5,0,11
BRDA:67,5,1,3
BRDA:89,6,0,0
BRDA:89,6,1,26
BRF:14
BRH:9
end_of_record
TN:
SF:src\components\todo-overview\TodoCard.vue
FNF:0
FNH:0
DA:4,50
DA:10,2
DA:13,2
DA:14,2
DA:17,2
LF:5
LH:5
BRF:0
BRH:0
end_of_record
TN:
SF:src\components\todo-overview\TodoCardGrid.vue
FNF:0
FNH:0
DA:5,5
DA:9,2
DA:10,50
LF:3
LH:3
BRF:0
BRH:0
end_of_record
TN:
SF:src\components\todo-overview\TodoOverview.vue
FNF:0
FNH:0
DA:6,5
DA:11,2
DA:16,2
DA:20,2
LF:4
LH:4
BRF:0
BRH:0
end_of_record
TN:
SF:src\components\todo-overview\todoOverviewData.ts
FNF:0
FNH:0
DA:15,2
DA:28,2
DA:76,2
LF:3
LH:3
BRF:0
BRH:0
end_of_record
TN:
SF:src\components\todo-overview\useTodoCarousel.ts
FN:9,useTodoCarousel
FN:10,(anonymous_1)
FNF:2
FNH:2
FNDA:17,useTodoCarousel
FNDA:18,(anonymous_1)
DA:10,17
DA:11,18
DA:12,18
DA:13,18
DA:14,18
DA:16,18
DA:17,30
DA:20,18
LF:8
LH:8
BRDA:12,0,0,17
BRDA:12,0,1,1
BRDA:13,1,0,18
BRDA:13,1,1,0
BRDA:20,2,0,16
BRDA:20,2,1,2
BRF:6
BRH:5
end_of_record
TN:
SF:src\theme\colors.ts
FNF:0
FNH:0
DA:1,1
LF:1
LH:1
BRF:0
BRH:0
end_of_record
